0 info it worked if it ends with ok
1 verbose cli [ '/usr/bin/node', '/usr/bin/npm', 'i' ]
2 info using npm@3.5.2
3 info using node@v8.10.0
4 silly loadCurrentTree Starting
5 silly install loadCurrentTree
6 silly install readLocalPackageData
7 silly install normalizeTree
8 silly loadCurrentTree Finishing
9 silly loadIdealTree Starting
10 silly install loadIdealTree
11 silly cloneCurrentTree Starting
12 silly install cloneCurrentTreeToIdealTree
13 silly cloneCurrentTree Finishing
14 silly loadShrinkwrap Starting
15 silly install loadShrinkwrap
16 silly loadShrinkwrap Finishing
17 silly loadAllDepsIntoIdealTree Starting
18 silly install loadAllDepsIntoIdealTree
19 silly fetchNamedPackageData babel-core
20 silly mapToRegistry name babel-core
21 silly mapToRegistry using default registry
22 silly mapToRegistry registry https://registry.npmjs.org/
23 silly mapToRegistry uri https://registry.npmjs.org/babel-core
24 silly fetchNamedPackageData babel-plugin-syntax-async-functions
25 silly mapToRegistry name babel-plugin-syntax-async-functions
26 silly mapToRegistry using default registry
27 silly mapToRegistry registry https://registry.npmjs.org/
28 silly mapToRegistry uri https://registry.npmjs.org/babel-plugin-syntax-async-functions
29 silly fetchNamedPackageData babel-polyfill
30 silly mapToRegistry name babel-polyfill
31 silly mapToRegistry using default registry
32 silly mapToRegistry registry https://registry.npmjs.org/
33 silly mapToRegistry uri https://registry.npmjs.org/babel-polyfill
34 silly fetchNamedPackageData babel-preset-env
35 silly mapToRegistry name babel-preset-env
36 silly mapToRegistry using default registry
37 silly mapToRegistry registry https://registry.npmjs.org/
38 silly mapToRegistry uri https://registry.npmjs.org/babel-preset-env
39 silly fetchNamedPackageData hapi-router
40 silly mapToRegistry name hapi-router
41 silly mapToRegistry using default registry
42 silly mapToRegistry registry https://registry.npmjs.org/
43 silly mapToRegistry uri https://registry.npmjs.org/hapi-router
44 silly fetchNamedPackageData knex
45 silly mapToRegistry name knex
46 silly mapToRegistry using default registry
47 silly mapToRegistry registry https://registry.npmjs.org/
48 silly mapToRegistry uri https://registry.npmjs.org/knex
49 silly fetchNamedPackageData sqlite3
50 silly mapToRegistry name sqlite3
51 silly mapToRegistry using default registry
52 silly mapToRegistry registry https://registry.npmjs.org/
53 silly mapToRegistry uri https://registry.npmjs.org/sqlite3
54 verbose request uri https://registry.npmjs.org/babel-core
55 verbose request no auth needed
56 info attempt registry request try #1 at 11:12:49
57 verbose request id c2e4fad7d019f2cb
58 http request GET https://registry.npmjs.org/babel-core
59 verbose request uri https://registry.npmjs.org/babel-plugin-syntax-async-functions
60 verbose request no auth needed
61 info attempt registry request try #1 at 11:12:49
62 http request GET https://registry.npmjs.org/babel-plugin-syntax-async-functions
63 verbose request uri https://registry.npmjs.org/babel-polyfill
64 verbose request no auth needed
65 info attempt registry request try #1 at 11:12:49
66 http request GET https://registry.npmjs.org/babel-polyfill
67 verbose request uri https://registry.npmjs.org/babel-preset-env
68 verbose request no auth needed
69 info attempt registry request try #1 at 11:12:49
70 http request GET https://registry.npmjs.org/babel-preset-env
71 verbose request uri https://registry.npmjs.org/hapi-router
72 verbose request no auth needed
73 info attempt registry request try #1 at 11:12:49
74 http request GET https://registry.npmjs.org/hapi-router
75 verbose request uri https://registry.npmjs.org/knex
76 verbose request no auth needed
77 info attempt registry request try #1 at 11:12:49
78 http request GET https://registry.npmjs.org/knex
79 verbose request uri https://registry.npmjs.org/sqlite3
80 verbose request no auth needed
81 info attempt registry request try #1 at 11:12:49
82 http request GET https://registry.npmjs.org/sqlite3
83 info retry will retry, error on last attempt: Error: getaddrinfo ENOTFOUND registry.npmjs.org registry.npmjs.org:443
84 info retry will retry, error on last attempt: Error: getaddrinfo ENOTFOUND registry.npmjs.org registry.npmjs.org:443
85 info retry will retry, error on last attempt: Error: getaddrinfo ENOTFOUND registry.npmjs.org registry.npmjs.org:443
86 info retry will retry, error on last attempt: Error: getaddrinfo ENOTFOUND registry.npmjs.org registry.npmjs.org:443
87 info attempt registry request try #2 at 11:13:19
88 http request GET https://registry.npmjs.org/babel-plugin-syntax-async-functions
89 info attempt registry request try #2 at 11:13:19
90 http request GET https://registry.npmjs.org/babel-core
91 info attempt registry request try #2 at 11:13:19
92 http request GET https://registry.npmjs.org/babel-preset-env
93 info attempt registry request try #2 at 11:13:19
94 http request GET https://registry.npmjs.org/babel-polyfill
95 info retry will retry, error on last attempt: Error: getaddrinfo ENOTFOUND registry.npmjs.org registry.npmjs.org:443
96 info retry will retry, error on last attempt: Error: getaddrinfo ENOTFOUND registry.npmjs.org registry.npmjs.org:443
97 info retry will retry, error on last attempt: Error: getaddrinfo ENOTFOUND registry.npmjs.org registry.npmjs.org:443
98 info attempt registry request try #2 at 11:13:39
99 http request GET https://registry.npmjs.org/hapi-router
100 info attempt registry request try #2 at 11:13:39
101 http request GET https://registry.npmjs.org/sqlite3
102 info attempt registry request try #2 at 11:13:39
103 http request GET https://registry.npmjs.org/knex
104 info retry will retry, error on last attempt: Error: getaddrinfo ENOTFOUND registry.npmjs.org registry.npmjs.org:443
105 info retry will retry, error on last attempt: Error: getaddrinfo ENOTFOUND registry.npmjs.org registry.npmjs.org:443
106 info retry will retry, error on last attempt: Error: getaddrinfo ENOTFOUND registry.npmjs.org registry.npmjs.org:443
107 info retry will retry, error on last attempt: Error: getaddrinfo ENOTFOUND registry.npmjs.org registry.npmjs.org:443
108 info retry will retry, error on last attempt: Error: getaddrinfo ENOTFOUND registry.npmjs.org registry.npmjs.org:443
109 info retry will retry, error on last attempt: Error: getaddrinfo ENOTFOUND registry.npmjs.org registry.npmjs.org:443
110 info retry will retry, error on last attempt: Error: getaddrinfo ENOTFOUND registry.npmjs.org registry.npmjs.org:443
111 info attempt registry request try #3 at 11:14:39
112 http request GET https://registry.npmjs.org/babel-plugin-syntax-async-functions
113 info attempt registry request try #3 at 11:14:49
114 http request GET https://registry.npmjs.org/babel-preset-env
115 info attempt registry request try #3 at 11:14:49
116 http request GET https://registry.npmjs.org/babel-polyfill
117 info attempt registry request try #3 at 11:14:49
118 http request GET https://registry.npmjs.org/babel-core
119 info attempt registry request try #3 at 11:14:59
120 http request GET https://registry.npmjs.org/hapi-router
121 silly fetchPackageMetaData Error: getaddrinfo ENOTFOUND registry.npmjs.org registry.npmjs.org:443
121 silly fetchPackageMetaData     at errnoException (dns.js:50:10)
121 silly fetchPackageMetaData     at GetAddrInfoReqWrap.onlookup [as oncomplete] (dns.js:92:26)
121 silly fetchPackageMetaData  error for babel-plugin-syntax-async-functions@^6.13.0 { Error: getaddrinfo ENOTFOUND registry.npmjs.org registry.npmjs.org:443
121 silly fetchPackageMetaData     at errnoException (dns.js:50:10)
121 silly fetchPackageMetaData     at GetAddrInfoReqWrap.onlookup [as oncomplete] (dns.js:92:26)
121 silly fetchPackageMetaData   code: 'ENOTFOUND',
121 silly fetchPackageMetaData   errno: 'ENOTFOUND',
121 silly fetchPackageMetaData   syscall: 'getaddrinfo',
121 silly fetchPackageMetaData   hostname: 'registry.npmjs.org',
121 silly fetchPackageMetaData   host: 'registry.npmjs.org',
121 silly fetchPackageMetaData   port: 443 }
122 info attempt registry request try #3 at 11:15:09
123 http request GET https://registry.npmjs.org/knex
124 info attempt registry request try #3 at 11:15:09
125 http request GET https://registry.npmjs.org/sqlite3
126 silly fetchPackageMetaData Error: getaddrinfo ENOTFOUND registry.npmjs.org registry.npmjs.org:443
126 silly fetchPackageMetaData     at errnoException (dns.js:50:10)
126 silly fetchPackageMetaData     at GetAddrInfoReqWrap.onlookup [as oncomplete] (dns.js:92:26)
126 silly fetchPackageMetaData  error for babel-polyfill@^6.26.0 { Error: getaddrinfo ENOTFOUND registry.npmjs.org registry.npmjs.org:443
126 silly fetchPackageMetaData     at errnoException (dns.js:50:10)
126 silly fetchPackageMetaData     at GetAddrInfoReqWrap.onlookup [as oncomplete] (dns.js:92:26)
126 silly fetchPackageMetaData   code: 'ENOTFOUND',
126 silly fetchPackageMetaData   errno: 'ENOTFOUND',
126 silly fetchPackageMetaData   syscall: 'getaddrinfo',
126 silly fetchPackageMetaData   hostname: 'registry.npmjs.org',
126 silly fetchPackageMetaData   host: 'registry.npmjs.org',
126 silly fetchPackageMetaData   port: 443 }
127 silly fetchPackageMetaData Error: getaddrinfo ENOTFOUND registry.npmjs.org registry.npmjs.org:443
127 silly fetchPackageMetaData     at errnoException (dns.js:50:10)
127 silly fetchPackageMetaData     at GetAddrInfoReqWrap.onlookup [as oncomplete] (dns.js:92:26)
127 silly fetchPackageMetaData  error for babel-preset-env@^1.7.0 { Error: getaddrinfo ENOTFOUND registry.npmjs.org registry.npmjs.org:443
127 silly fetchPackageMetaData     at errnoException (dns.js:50:10)
127 silly fetchPackageMetaData     at GetAddrInfoReqWrap.onlookup [as oncomplete] (dns.js:92:26)
127 silly fetchPackageMetaData   code: 'ENOTFOUND',
127 silly fetchPackageMetaData   errno: 'ENOTFOUND',
127 silly fetchPackageMetaData   syscall: 'getaddrinfo',
127 silly fetchPackageMetaData   hostname: 'registry.npmjs.org',
127 silly fetchPackageMetaData   host: 'registry.npmjs.org',
127 silly fetchPackageMetaData   port: 443 }
128 silly fetchPackageMetaData Error: getaddrinfo ENOTFOUND registry.npmjs.org registry.npmjs.org:443
128 silly fetchPackageMetaData     at errnoException (dns.js:50:10)
128 silly fetchPackageMetaData     at GetAddrInfoReqWrap.onlookup [as oncomplete] (dns.js:92:26)
128 silly fetchPackageMetaData  error for babel-core@^6.26.3 { Error: getaddrinfo ENOTFOUND registry.npmjs.org registry.npmjs.org:443
128 silly fetchPackageMetaData     at errnoException (dns.js:50:10)
128 silly fetchPackageMetaData     at GetAddrInfoReqWrap.onlookup [as oncomplete] (dns.js:92:26)
128 silly fetchPackageMetaData   code: 'ENOTFOUND',
128 silly fetchPackageMetaData   errno: 'ENOTFOUND',
128 silly fetchPackageMetaData   syscall: 'getaddrinfo',
128 silly fetchPackageMetaData   hostname: 'registry.npmjs.org',
128 silly fetchPackageMetaData   host: 'registry.npmjs.org',
128 silly fetchPackageMetaData   port: 443 }
129 silly fetchPackageMetaData Error: getaddrinfo ENOTFOUND registry.npmjs.org registry.npmjs.org:443
129 silly fetchPackageMetaData     at errnoException (dns.js:50:10)
129 silly fetchPackageMetaData     at GetAddrInfoReqWrap.onlookup [as oncomplete] (dns.js:92:26)
129 silly fetchPackageMetaData  error for hapi-router@^5.0.0 { Error: getaddrinfo ENOTFOUND registry.npmjs.org registry.npmjs.org:443
129 silly fetchPackageMetaData     at errnoException (dns.js:50:10)
129 silly fetchPackageMetaData     at GetAddrInfoReqWrap.onlookup [as oncomplete] (dns.js:92:26)
129 silly fetchPackageMetaData   code: 'ENOTFOUND',
129 silly fetchPackageMetaData   errno: 'ENOTFOUND',
129 silly fetchPackageMetaData   syscall: 'getaddrinfo',
129 silly fetchPackageMetaData   hostname: 'registry.npmjs.org',
129 silly fetchPackageMetaData   host: 'registry.npmjs.org',
129 silly fetchPackageMetaData   port: 443 }
130 silly fetchPackageMetaData Error: getaddrinfo ENOTFOUND registry.npmjs.org registry.npmjs.org:443
130 silly fetchPackageMetaData     at errnoException (dns.js:50:10)
130 silly fetchPackageMetaData     at GetAddrInfoReqWrap.onlookup [as oncomplete] (dns.js:92:26)
130 silly fetchPackageMetaData  error for knex@^0.19.1 { Error: getaddrinfo ENOTFOUND registry.npmjs.org registry.npmjs.org:443
130 silly fetchPackageMetaData     at errnoException (dns.js:50:10)
130 silly fetchPackageMetaData     at GetAddrInfoReqWrap.onlookup [as oncomplete] (dns.js:92:26)
130 silly fetchPackageMetaData   code: 'ENOTFOUND',
130 silly fetchPackageMetaData   errno: 'ENOTFOUND',
130 silly fetchPackageMetaData   syscall: 'getaddrinfo',
130 silly fetchPackageMetaData   hostname: 'registry.npmjs.org',
130 silly fetchPackageMetaData   host: 'registry.npmjs.org',
130 silly fetchPackageMetaData   port: 443 }
131 silly fetchPackageMetaData Error: getaddrinfo ENOTFOUND registry.npmjs.org registry.npmjs.org:443
131 silly fetchPackageMetaData     at errnoException (dns.js:50:10)
131 silly fetchPackageMetaData     at GetAddrInfoReqWrap.onlookup [as oncomplete] (dns.js:92:26)
131 silly fetchPackageMetaData  error for sqlite3@^4.0.2 { Error: getaddrinfo ENOTFOUND registry.npmjs.org registry.npmjs.org:443
131 silly fetchPackageMetaData     at errnoException (dns.js:50:10)
131 silly fetchPackageMetaData     at GetAddrInfoReqWrap.onlookup [as oncomplete] (dns.js:92:26)
131 silly fetchPackageMetaData   code: 'ENOTFOUND',
131 silly fetchPackageMetaData   errno: 'ENOTFOUND',
131 silly fetchPackageMetaData   syscall: 'getaddrinfo',
131 silly fetchPackageMetaData   hostname: 'registry.npmjs.org',
131 silly fetchPackageMetaData   host: 'registry.npmjs.org',
131 silly fetchPackageMetaData   port: 443 }
132 silly rollbackFailedOptional Starting
133 silly rollbackFailedOptional Finishing
134 silly runTopLevelLifecycles Starting
135 silly runTopLevelLifecycles Finishing
136 silly install printInstalled
137 verbose stack Error: getaddrinfo ENOTFOUND registry.npmjs.org registry.npmjs.org:443
137 verbose stack     at errnoException (dns.js:50:10)
137 verbose stack     at GetAddrInfoReqWrap.onlookup [as oncomplete] (dns.js:92:26)
138 verbose cwd /home/aluno/Área de Trabalho/Luan/2019-behappy-api
139 error Linux 4.15.0-43-generic
140 error argv "/usr/bin/node" "/usr/bin/npm" "i"
141 error node v8.10.0
142 error npm  v3.5.2
143 error code ENOTFOUND
144 error errno ENOTFOUND
145 error syscall getaddrinfo
146 error network getaddrinfo ENOTFOUND registry.npmjs.org registry.npmjs.org:443
147 error network This is most likely not a problem with npm itself
147 error network and is related to network connectivity.
147 error network In most cases you are behind a proxy or have bad network settings.
147 error network
147 error network If you are behind a proxy, please make sure that the
147 error network 'proxy' config is set properly.  See: 'npm help config'
148 verbose exit [ 1, true ]
